<?xml version="1.0" encoding="UTF-8"?>
<testng-results ignored="0" total="1" passed="1" failed="0" skipped="0">
  <reporter-output>
  </reporter-output>
  <suite started-at="2024-01-03T11:46:49 IST" name="Default suite" finished-at="2024-01-03T11:46:56 IST" duration-ms="6068">
    <groups>
    </groups>
    <test started-at="2024-01-03T11:46:49 IST" name="Default test" finished-at="2024-01-03T11:46:56 IST" duration-ms="6068">
      <class name="testCases.LoginPageTest">
        <test-method is-config="true" signature="setup()[pri:0, instance:testCases.LoginPageTest@10e41621]" started-at="2024-01-03T11:46:49 IST" name="setup" finished-at="2024-01-03T11:46:53 IST" duration-ms="3124" status="PASS">
          <reporter-output>
          </reporter-output>
        </test-method> <!-- setup -->
        <test-method signature="loginUserTest()[pri:0, instance:testCases.LoginPageTest@10e41621]" started-at="2024-01-03T11:46:53 IST" name="loginUserTest" finished-at="2024-01-03T11:46:55 IST" duration-ms="2686" status="PASS">
          <reporter-output>
          </reporter-output>
        </test-method> <!-- loginUserTest -->
        <test-method is-config="true" signature="closeBrowser(org.testng.ITestResult)[pri:0, instance:testCases.LoginPageTest@10e41621]" started-at="2024-01-03T11:46:55 IST" name="closeBrowser" finished-at="2024-01-03T11:46:56 IST" duration-ms="241" status="PASS">
          <params>
            <param index="0">
              <value>
                <![CDATA[[TestResult name=loginUserTest status=SUCCESS method=LoginPageTest.loginUserTest()[pri:0, instance:testCases.LoginPageTest@10e41621] output={null}]]]>
              </value>
            </param>
          </params>
          <reporter-output>
          </reporter-output>
        </test-method> <!-- closeBrowser -->
      </class> <!-- testCases.LoginPageTest -->
    </test> <!-- Default test -->
  </suite> <!-- Default suite -->
</testng-results>
